#
# A fatal error has been detected by the Java Runtime Environment:
#
#  SIGSEGV (0xb) at pc=0x00007f4e94aefb96, pid=24828, tid=0x00007f4e231ce700
#
# JRE version: Java(TM) SE Runtime Environment (8.0_111-b14) (build 1.8.0_111-b14)
# Java VM: Java HotSpot(TM) 64-Bit Server VM (25.111-b14 mixed mode linux-amd64 compressed oops)
# Problematic frame:
# C  [libc.so.6+0x8ab96]  strlen+0x26
#
# Failed to write core dump. Core dumps have been disabled. To enable core dumping, try "ulimit -c unlimited" before starting Java again
#
# If you would like to submit a bug report, please visit:
#   http://bugreport.java.com/bugreport/crash.jsp
# The crash happened outside the Java Virtual Machine in native code.
# See problematic frame for where to report the bug.
#

---------------  T H R E A D  ---------------

Current thread (0x00007f4e8c2d2800):  JavaThread "AWT-EventQueue-0" [_thread_in_native, id=24862, stack(0x00007f4e230ce000,0x00007f4e231cf000)]

siginfo: si_signo: 11 (SIGSEGV), si_code: 1 (SEGV_MAPERR), si_addr: 0x0000000000000000

Registers:
RAX=0x0000000000000000, RBX=0x00007f4e14003c10, RCX=0x0000000000000000, RDX=0x00007f4e14003c10
RSP=0x00007f4e231cc178, RBP=0x0000000000000000, RSI=0x00000000000020fc, RDI=0x0000000000000000
R8 =0x0000000000000000, R9 =0x0000000000000000, R10=0x00007f4e14003c00, R11=0x00007f4e94ae8580
R12=0x0000000000000001, R13=0x0000000000000001, R14=0x00007f4e142bc0d0, R15=0x00007f4e142ba610
RIP=0x00007f4e94aefb96, EFLAGS=0x0000000000010293, CSGSFS=0x0000000000000033, ERR=0x0000000000000004
  TRAPNO=0x000000000000000e

Top of Stack: (sp=0x00007f4e231cc178)
0x00007f4e231cc178:   00007f4e04ab4121 0000000000000002
0x00007f4e231cc188:   0000000000000008 0000000000000000
0x00007f4e231cc198:   0000000000000000 00007f4e14003c10
0x00007f4e231cc1a8:   00007f4e22d5ead8 00007f4e14106570
0x00007f4e231cc1b8:   00007f4e14106560 0000000000000001
0x00007f4e231cc1c8:   0000000040454000 0000000000000001
0x00007f4e231cc1d8:   00007f4e04abc42d 0000000000000000
0x00007f4e231cc1e8:   00007f4e8c2d2800 0000000000000000
0x00007f4e231cc1f8:   00007f4e142ba610 00007f4e00000001
0x00007f4e231cc208:   00007f4e231ce700 00007f4e22d5ead8
0x00007f4e231cc218:   00007f4e8c2d2800 0000000000000008
0x00007f4e231cc228:   00007f4e14000020 00007f4e00000001
0x00007f4e231cc238:   00007f4e231ce700 00007f4e22d5ead8
0x00007f4e231cc248:   00007f4e22d5ead8 00007f4e231cc2f0
0x00007f4e231cc258:   0000000000000000 00007f4e22d5ead8
0x00007f4e231cc268:   00007f4e231cc3f0 00007f4e8c2d2800
0x00007f4e231cc278:   00007f4e220cc579 00007f0122d5ead8
0x00007f4e231cc288:   0000000000000000 00007f4e231cc3d8
0x00007f4e231cc298:   0000000100000001 00007f4e231cc3f0
0x00007f4e231cc2a8:   00007f4e8c2d29f8 00007f4e22390480
0x00007f4e231cc2b8:   0000000000000000 000000017cc522b0
0x00007f4e231cc2c8:   0000000000000000 0000000100000000
0x00007f4e231cc2d8:   00007f4e142ba610 00007f4e231cc390
0x00007f4e231cc2e8:   00007f4e22d5ead8 00007f4e231cc390
0x00007f4e231cc2f8:   00007f4e7d017a34 00007f4e00000000
0x00007f4e231cc308:   00007f4e00000001 00007f4e22390480
0x00007f4e231cc318:   00007f4e231cc3f0 00007f4e22d5ead8
0x00007f4e231cc328:   0000000000000000 00007f4e231cc390
0x00007f4e231cc338:   00007f4e7d0177b9 00007f4e8c2d2800
0x00007f4e231cc348:   00007f4e7d017782 00007f4e231cc350
0x00007f4e231cc358:   00007f4e22d5ead8 00007f4e231cc3f0
0x00007f4e231cc368:   00007f4e22e37028 0000000000000000 

Instructions: (pc=0x00007f4e94aefb96)
0x00007f4e94aefb76:   ef c9 66 0f ef d2 66 0f ef db 48 89 f8 48 89 f9
0x00007f4e94aefb86:   48 81 e1 ff 0f 00 00 48 81 f9 cf 0f 00 00 77 6a
0x00007f4e94aefb96:   f3 0f 6f 20 66 0f 74 e0 66 0f d7 d4 85 d2 74 04
0x00007f4e94aefba6:   0f bc c2 c3 48 83 e0 f0 66 0f 74 48 10 66 0f 74 

Register to memory mapping:

RAX=0x0000000000000000 is an unknown value
RBX=0x00007f4e14003c10 is an unknown value
RCX=0x0000000000000000 is an unknown value
RDX=0x00007f4e14003c10 is an unknown value
RSP=0x00007f4e231cc178 is pointing into the stack for thread: 0x00007f4e8c2d2800
RBP=0x0000000000000000 is an unknown value
RSI=0x00000000000020fc is an unknown value
RDI=0x0000000000000000 is an unknown value
R8 =0x0000000000000000 is an unknown value
R9 =0x0000000000000000 is an unknown value
R10=0x00007f4e14003c00 is an unknown value
R11=0x00007f4e94ae8580: __libc_malloc+0 in /lib/x86_64-linux-gnu/libc.so.6 at 0x00007f4e94a65000
R12=0x0000000000000001 is an unknown value
R13=0x0000000000000001 is an unknown value
R14=0x00007f4e142bc0d0 is an unknown value
R15=0x00007f4e142ba610 is an unknown value


Stack: [0x00007f4e230ce000,0x00007f4e231cf000],  sp=0x00007f4e231cc178,  free space=1016k
Native frames: (J=compiled Java code, j=interpreted, Vv=VM code, C=native code)
C  [libc.so.6+0x8ab96]  strlen+0x26

Java frames: (J=compiled Java code, j=interpreted, Vv=VM code)
j  jogamp.opengl.gl4.GL4bcImpl.dispatch_glShaderSource1(II[Ljava/lang/String;Ljava/lang/Object;IZJ)V+0
j  jogamp.opengl.gl4.GL4bcImpl.glShaderSource(II[Ljava/lang/String;Ljava/nio/IntBuffer;)V+87
j  ProgramStart.init(Lcom/jogamp/opengl/GLAutoDrawable;)V+109
j  jogamp.opengl.GLDrawableHelper.init(Lcom/jogamp/opengl/GLEventListener;Lcom/jogamp/opengl/GLAutoDrawable;Z)V+2
j  jogamp.opengl.GLDrawableHelper.init(Lcom/jogamp/opengl/GLAutoDrawable;Z)V+81
j  com.jogamp.opengl.awt.GLCanvas$10.run()V+26
j  jogamp.opengl.GLDrawableHelper.invokeGLImpl(Lcom/jogamp/opengl/GLDrawable;Lcom/jogamp/opengl/GLContext;Ljava/lang/Runnable;Ljava/lang/Runnable;)V+197
j  jogamp.opengl.GLDrawableHelper.invokeGL(Lcom/jogamp/opengl/GLDrawable;Lcom/jogamp/opengl/GLContext;Ljava/lang/Runnable;Ljava/lang/Runnable;)V+72
j  com.jogamp.opengl.awt.GLCanvas$12.run()V+104
j  java.awt.event.InvocationEvent.dispatch()V+11
j  java.awt.EventQueue.dispatchEventImpl(Ljava/awt/AWTEvent;Ljava/lang/Object;)V+21
j  java.awt.EventQueue.access$500(Ljava/awt/EventQueue;Ljava/awt/AWTEvent;Ljava/lang/Object;)V+3
j  java.awt.EventQueue$3.run()Ljava/lang/Void;+32
j  java.awt.EventQueue$3.run()Ljava/lang/Object;+1
v  ~StubRoutines::call_stub
j  java.security.AccessController.doPrivileged(Ljava/security/PrivilegedAction;Ljava/security/AccessControlContext;)Ljava/lang/Object;+0
j  java.security.ProtectionDomain$JavaSecurityAccessImpl.doIntersectionPrivilege(Ljava/security/PrivilegedAction;Ljava/security/AccessControlContext;Ljava/security/AccessControlContext;)Ljava/lang/Object;+18
j  java.awt.EventQueue.dispatchEvent(Ljava/awt/AWTEvent;)V+46
j  java.awt.EventDispatchThread.pumpOneEventForFilters(I)V+245
j  java.awt.EventDispatchThread.pumpEventsForFilter(ILjava/awt/Conditional;Ljava/awt/EventFilter;)V+35
j  java.awt.EventDispatchThread.pumpEventsForHierarchy(ILjava/awt/Conditional;Ljava/awt/Component;)V+11
j  java.awt.EventDispatchThread.pumpEvents(ILjava/awt/Conditional;)V+4
j  java.awt.EventDispatchThread.pumpEvents(Ljava/awt/Conditional;)V+3
j  java.awt.EventDispatchThread.run()V+9
v  ~StubRoutines::call_stub

---------------  P R O C E S S  ---------------

Java Threads: ( => current thread )
  0x00007f4e8c00a000 JavaThread "DestroyJavaVM" [_thread_blocked, id=24834, stack(0x00007f4e95565000,0x00007f4e95666000)]
  0x00007f4e8c738000 JavaThread "main-FPSAWTAnimator#00-Timer0" [_thread_blocked, id=24865, stack(0x00007f4e036e5000,0x00007f4e037e6000)]
  0x00007f4e8c31a000 JavaThread "main-SharedResourceRunner" daemon [_thread_blocked, id=24864, stack(0x00007f4e20a16000,0x00007f4e20b17000)]
  0x00007f4e8c2fc800 JavaThread "main-SharedResourceRunner" daemon [_thread_blocked, id=24863, stack(0x00007f4e21f64000,0x00007f4e22065000)]
=>0x00007f4e8c2d2800 JavaThread "AWT-EventQueue-0" [_thread_in_native, id=24862, stack(0x00007f4e230ce000,0x00007f4e231cf000)]
  0x00007f4e8c2d0800 JavaThread "AWT-Shutdown" [_thread_blocked, id=24861, stack(0x00007f4e231cf000,0x00007f4e232d0000)]
  0x00007f4e8c2b9000 JavaThread "AWT-XAWT" daemon [_thread_blocked, id=24860, stack(0x00007f4e238d9000,0x00007f4e239da000)]
  0x00007f4e8c299000 JavaThread "Java2D Disposer" daemon [_thread_blocked, id=24859, stack(0x00007f4e6d9aa000,0x00007f4e6daab000)]
  0x00007f4e8c20c000 JavaThread "process reaper" daemon [_thread_blocked, id=24855, stack(0x00007f4e6e1d4000,0x00007f4e6e20d000)]
  0x00007f4e8c0d2800 JavaThread "Service Thread" daemon [_thread_blocked, id=24851, stack(0x00007f4e6e30e000,0x00007f4e6e40f000)]
  0x00007f4e8c0c7800 JavaThread "C1 CompilerThread3" daemon [_thread_blocked, id=24850, stack(0x00007f4e6e40f000,0x00007f4e6e510000)]
  0x00007f4e8c0c5800 JavaThread "C2 CompilerThread2" daemon [_thread_blocked, id=24849, stack(0x00007f4e6e510000,0x00007f4e6e611000)]
  0x00007f4e8c0c3800 JavaThread "C2 CompilerThread1" daemon [_thread_blocked, id=24848, stack(0x00007f4e6e611000,0x00007f4e6e712000)]
  0x00007f4e8c0c0800 JavaThread "C2 CompilerThread0" daemon [_thread_blocked, id=24847, stack(0x00007f4e6e712000,0x00007f4e6e813000)]
  0x00007f4e8c0bf000 JavaThread "Signal Dispatcher" daemon [_thread_blocked, id=24846, stack(0x00007f4e6e813000,0x00007f4e6e914000)]
  0x00007f4e8c08c000 JavaThread "Finalizer" daemon [_thread_blocked, id=24845, stack(0x00007f4e6ebec000,0x00007f4e6eced000)]
  0x00007f4e8c087800 JavaThread "Reference Handler" daemon [_thread_blocked, id=24844, stack(0x00007f4e6eced000,0x00007f4e6edee000)]

Other Threads:
  0x00007f4e8c080000 VMThread [stack: 0x00007f4e6edee000,0x00007f4e6eeef000] [id=24843]
  0x00007f4e8c0d5800 WatcherThread [stack: 0x00007f4e6e20d000,0x00007f4e6e30e000] [id=24852]

VM state:not at safepoint (normal execution)

VM Mutex/Monitor currently owned by a thread: None

Heap:
 PSYoungGen      total 74752K, used 33909K [0x000000076cb00000, 0x0000000771e00000, 0x00000007c0000000)
  eden space 64512K, 52% used [0x000000076cb00000,0x000000076ec1d530,0x0000000770a00000)
  from space 10240K, 0% used [0x0000000771400000,0x0000000771400000,0x0000000771e00000)
  to   space 10240K, 0% used [0x0000000770a00000,0x0000000770a00000,0x0000000771400000)
 ParOldGen       total 171008K, used 0K [0x00000006c6000000, 0x00000006d0700000, 0x000000076cb00000)
  object space 171008K, 0% used [0x00000006c6000000,0x00000006c6000000,0x00000006d0700000)
 Metaspace       used 15809K, capacity 16024K, committed 16256K, reserved 1064960K
  class space    used 1575K, capacity 1648K, committed 1664K, reserved 1048576K

Card table byte_map: [0x00007f4e91b3e000,0x00007f4e9230f000] byte_map_base: 0x00007f4e8e50e000

Marking Bits: (ParMarkBitMap*) 0x00007f4e94a38220
 Begin Bits: [0x00007f4e50300000, 0x00007f4e54180000)
 End Bits:   [0x00007f4e54180000, 0x00007f4e58000000)

Polling page: 0x00007f4e95687000

CodeCache: size=245760Kb used=3287Kb max_used=3287Kb free=242472Kb
 bounds [0x00007f4e7d000000, 0x00007f4e7d340000, 0x00007f4e8c000000]
 total_blobs=1698 nmethods=773 adapters=839
 compilation: enabled

Compilation events (10 events):
Event: 0.943 Thread 0x00007f4e8c0c7800  767       3       java.nio.ByteBuffer::arrayOffset (35 bytes)
Event: 0.943 Thread 0x00007f4e8c0c7800 nmethod 767 0x00007f4e7d32e3d0 code [0x00007f4e7d32e560, 0x00007f4e7d32e878]
Event: 0.943 Thread 0x00007f4e8c0c7800  768       3       java.io.BufferedOutputStream::flushBuffer (29 bytes)
Event: 0.943 Thread 0x00007f4e8c0c7800 nmethod 768 0x00007f4e7d32e9d0 code [0x00007f4e7d32eb40, 0x00007f4e7d32edc8]
Event: 0.943 Thread 0x00007f4e8c0c7800  769  s    3       java.io.BufferedOutputStream::write (67 bytes)
Event: 0.943 Thread 0x00007f4e8c0c3800 nmethod 766 0x00007f4e7d331f90 code [0x00007f4e7d3320e0, 0x00007f4e7d332258]
Event: 0.943 Thread 0x00007f4e8c0c7800 nmethod 769 0x00007f4e7d331290 code [0x00007f4e7d331460, 0x00007f4e7d331cb8]
Event: 0.943 Thread 0x00007f4e8c0c7800  770       3       java.nio.CharBuffer::arrayOffset (35 bytes)
Event: 0.944 Thread 0x00007f4e8c0c7800 nmethod 770 0x00007f4e7d330c90 code [0x00007f4e7d330e20, 0x00007f4e7d331138]
Event: 0.944 Thread 0x00007f4e8c0c7800  773       3       sun.nio.cs.UTF_8$Encoder::encodeArrayLoop (489 bytes)

GC Heap History (0 events):
No events

Deoptimization events (9 events):
Event: 0.156 Thread 0x00007f4e8c00a000 Uncommon trap: reason=unstable_if action=reinterpret pc=0x00007f4e7d1ae710 method=java.lang.String.replace(CC)Ljava/lang/String; @ 26
Event: 0.503 Thread 0x00007f4e8c31a000 Uncommon trap: reason=unstable_if action=reinterpret pc=0x00007f4e7d14d460 method=java.lang.String.startsWith(Ljava/lang/String;I)Z @ 25
Event: 0.737 Thread 0x00007f4e8c2fc800 Uncommon trap: reason=unstable_if action=reinterpret pc=0x00007f4e7d2b6fd0 method=com.jogamp.gluegen.runtime.opengl.GLNameResolver.getFuncNamePermutation(Ljava/lang/String;I)Ljava/lang/String; @ 1
Event: 0.778 Thread 0x00007f4e8c00a000 Uncommon trap: reason=unstable_if action=reinterpret pc=0x00007f4e7d2b52f0 method=java.lang.reflect.AccessibleObject.setAccessible0(Ljava/lang/reflect/AccessibleObject;Z)V @ 4
Event: 0.794 Thread 0x00007f4e8c00a000 Uncommon trap: reason=unstable_if action=reinterpret pc=0x00007f4e7d2752e4 method=java.lang.String.startsWith(Ljava/lang/String;I)Z @ 25
Event: 0.794 Thread 0x00007f4e8c00a000 Uncommon trap: reason=unstable_if action=reinterpret pc=0x00007f4e7d2aa4a0 method=sun.misc.MetaIndex.mayContain(Ljava/lang/String;)Z @ 38
Event: 0.796 Thread 0x00007f4e8c00a000 Uncommon trap: reason=unstable_if action=reinterpret pc=0x00007f4e7d268d08 method=java.lang.AbstractStringBuilder.append(Ljava/lang/String;)Ljava/lang/AbstractStringBuilder; @ 1
Event: 0.796 Thread 0x00007f4e8c00a000 Uncommon trap: reason=unstable_if action=reinterpret pc=0x00007f4e7d2247f8 method=java.lang.AbstractStringBuilder.append(Ljava/lang/String;)Ljava/lang/AbstractStringBuilder; @ 1
Event: 0.800 Thread 0x00007f4e8c00a000 Uncommon trap: reason=unstable_if action=reinterpret pc=0x00007f4e7d2aadc4 method=java.lang.reflect.Field.setFieldAccessor(Lsun/reflect/FieldAccessor;Z)V @ 1

Internal exceptions (10 events):
Event: 0.796 Thread 0x00007f4e8c00a000 Implicit null exception at 0x00007f4e7d2243b4 to 0x00007f4e7d2247e1
Event: 0.821 Thread 0x00007f4e8c00a000 Exception <a 'java/lang/reflect/InvocationTargetException'> (0x000000076e81bce8) thrown at [/HUDSON3/workspace/8-2-build-linux-amd64/jdk8u111/7883/hotspot/src/share/vm/runtime/reflection.cpp, line 1092]
Event: 0.828 Thread 0x00007f4e8c00a000 Exception <a 'java/lang/reflect/InvocationTargetException'> (0x000000076e82def8) thrown at [/HUDSON3/workspace/8-2-build-linux-amd64/jdk8u111/7883/hotspot/src/share/vm/runtime/reflection.cpp, line 1092]
Event: 0.834 Thread 0x00007f4e8c00a000 Exception <a 'java/lang/reflect/InvocationTargetException'> (0x000000076e871370) thrown at [/HUDSON3/workspace/8-2-build-linux-amd64/jdk8u111/7883/hotspot/src/share/vm/runtime/reflection.cpp, line 1092]
Event: 0.836 Thread 0x00007f4e8c00a000 Exception <a 'java/lang/reflect/InvocationTargetException'> (0x000000076e88f360) thrown at [/HUDSON3/workspace/8-2-build-linux-amd64/jdk8u111/7883/hotspot/src/share/vm/runtime/reflection.cpp, line 1092]
Event: 0.845 Thread 0x00007f4e8c2d2800 Exception <a 'java/lang/reflect/InvocationTargetException'> (0x000000076d7b3e80) thrown at [/HUDSON3/workspace/8-2-build-linux-amd64/jdk8u111/7883/hotspot/src/share/vm/runtime/reflection.cpp, line 1092]
Event: 0.853 Thread 0x00007f4e8c2d2800 Exception <a 'java/lang/reflect/InvocationTargetException'> (0x000000076d7b4530) thrown at [/HUDSON3/workspace/8-2-build-linux-amd64/jdk8u111/7883/hotspot/src/share/vm/runtime/reflection.cpp, line 1092]
Event: 0.869 Thread 0x00007f4e8c2d2800 Exception <a 'java/lang/reflect/InvocationTargetException'> (0x000000076d7b9600) thrown at [/HUDSON3/workspace/8-2-build-linux-amd64/jdk8u111/7883/hotspot/src/share/vm/runtime/reflection.cpp, line 1092]
Event: 0.941 Thread 0x00007f4e8c2d2800 Exception <a 'sun/nio/fs/UnixException'> (0x000000076d7bea80) thrown at [/HUDSON3/workspace/8-2-build-linux-amd64/jdk8u111/7883/hotspot/src/share/vm/prims/jni.cpp, line 709]
Event: 0.943 Thread 0x00007f4e8c2d2800 Exception <a 'sun/nio/fs/UnixException'> (0x000000076d7c9a98) thrown at [/HUDSON3/workspace/8-2-build-linux-amd64/jdk8u111/7883/hotspot/src/share/vm/prims/jni.cpp, line 709]

Events (10 events):
Event: 0.941 loading class sun/nio/fs/UnixException
Event: 0.941 loading class sun/nio/fs/UnixException done
Event: 0.942 loading class java/nio/file/NoSuchFileException
Event: 0.942 loading class java/nio/file/FileSystemException
Event: 0.942 loading class java/nio/file/FileSystemException done
Event: 0.942 loading class java/nio/file/NoSuchFileException done
Event: 0.942 loading class java/lang/Throwable$WrappedPrintStream
Event: 0.942 loading class java/lang/Throwable$PrintStreamOrWriter
Event: 0.942 loading class java/lang/Throwable$PrintStreamOrWriter done
Event: 0.942 loading class java/lang/Throwable$WrappedPrintStream done


Dynamic libraries:
00400000-00401000 r-xp 00000000 08:02 5636319                            /usr/lib/jvm/java-8-oracle/bin/java
00600000-00601000 rw-p 00000000 08:02 5636319                            /usr/lib/jvm/java-8-oracle/bin/java
01f97000-01fb8000 rw-p 00000000 00:00 0                                  [heap]
40454000-404f4000 rw-p 00000000 00:00 0 
41459000-414f9000 rw-p 00000000 00:00 0 
418fd000-418ff000 r-xs 00000000 08:02 1121                               /tmp/.glegeF8n (deleted)
6c6000000-6d0700000 rw-p 00000000 00:00 0 
6d0700000-76cb00000 ---p 00000000 00:00 0 
76cb00000-771e00000 rw-p 00000000 00:00 0 
771e00000-7c0000000 ---p 00000000 00:00 0 
7c0000000-7c01a0000 rw-p 00000000 00:00 0 
7c01a0000-800000000 ---p 00000000 00:00 0 
7f4dfc000000-7f4dfc021000 rw-p 00000000 00:00 0 
7f4dfc021000-7f4e00000000 ---p 00000000 00:00 0 
7f4e032b2000-7f4e032f2000 rw-p 00000000 00:00 0 
7f4e032f2000-7f4e034b2000 ---p 00000000 00:00 0 
7f4e034b2000-7f4e035b2000 rw-s 25101a000 00:06 514                       /dev/nvidiactl
7f4e035b2000-7f4e035c5000 rw-s 251007000 00:06 514                       /dev/nvidiactl
7f4e035c5000-7f4e035e5000 rw-s c0da0000 00:06 515                        /dev/nvidia0
7f4e035e5000-7f4e03625000 rw-s 2471c4000 00:06 514                       /dev/nvidiactl
7f4e03625000-7f4e03645000 rw-s 2471a4000 00:06 514                       /dev/nvidiactl
7f4e03645000-7f4e03685000 rw-s 29b7e4000 00:06 514                       /dev/nvidiactl
7f4e03685000-7f4e036a5000 rw-s 29b7c4000 00:06 514                       /dev/nvidiactl
7f4e036a5000-7f4e036e5000 rw-s 2eba23000 00:06 514                       /dev/nvidiactl
7f4e036e5000-7f4e036e8000 ---p 00000000 00:00 0 
7f4e036e8000-7f4e039e6000 rw-p 00000000 00:00 0 
7f4e039e6000-7f4e03a66000 rw-s 247c09000 00:06 514                       /dev/nvidiactl
7f4e03a66000-7f4e03ae6000 rw-s 25399a000 00:06 514                       /dev/nvidiactl
7f4e03ae6000-7f4e03b66000 rw-s 29b6da000 00:06 514                       /dev/nvidiactl
7f4e03b66000-7f4e03c66000 rw-s 29b6aa000 00:06 514                       /dev/nvidiactl
7f4e03c66000-7f4e03c86000 rw-s c0d60000 00:06 515                        /dev/nvidia0
7f4e03c86000-7f4e03cc6000 rw-s 29b771000 00:06 514                       /dev/nvidiactl
7f4e03cc6000-7f4e050a9000 r-xp 00000000 08:02 5253993                    /usr/lib/nvidia-375/libnvidia-glcore.so.375.26
7f4e050a9000-7f4e050c9000 rwxp 013e3000 08:02 5253993                    /usr/lib/nvidia-375/libnvidia-glcore.so.375.26
7f4e050c9000-7f4e05499000 r-xp 01403000 08:02 5253993                    /usr/lib/nvidia-375/libnvidia-glcore.so.375.26
7f4e05499000-7f4e05699000 ---p 017d3000 08:02 5253993                    /usr/lib/nvidia-375/libnvidia-glcore.so.375.26
7f4e05699000-7f4e05a80000 rw-p 017d3000 08:02 5253993                    /usr/lib/nvidia-375/libnvidia-glcore.so.375.26
7f4e05a80000-7f4e05a98000 rw-p 00000000 00:00 0 
7f4e05a98000-7f4e05a9b000 r-xp 00000000 08:02 5253976                    /usr/lib/nvidia-375/tls/libnvidia-tls.so.375.26
7f4e05a9b000-7f4e05c9b000 ---p 00003000 08:02 5253976                    /usr/lib/nvidia-375/tls/libnvidia-tls.so.375.26
7f4e05c9b000-7f4e05c9c000 rw-p 00003000 08:02 5253976                    /usr/lib/nvidia-375/tls/libnvidia-tls.so.375.26
7f4e05c9c000-7f4e05d65000 r-xp 00000000 08:02 5253988                    /usr/lib/nvidia-375/libGLX_nvidia.so.375.26
7f4e05d65000-7f4e05d99000 rwxp 000c9000 08:02 5253988                    /usr/lib/nvidia-375/libGLX_nvidia.so.375.26
7f4e05d99000-7f4e05dad000 r-xp 000fd000 08:02 5253988                    /usr/lib/nvidia-375/libGLX_nvidia.so.375.26
7f4e05dad000-7f4e05fac000 ---p 00111000 08:02 5253988                    /usr/lib/nvidia-375/libGLX_nvidia.so.375.26
7f4e05fac000-7f4e05fd4000 rw-p 00110000 08:02 5253988                    /usr/lib/nvidia-375/libGLX_nvidia.so.375.26
7f4e05fd4000-7f4e05fdb000 rw-p 00000000 00:00 0 
7f4e05fdb000-7f4e05fdd000 r-xp 00000000 08:02 5251026                    /usr/lib/x86_64-linux-gnu/libXinerama.so.1.0.0
7f4e05fdd000-7f4e061dc000 ---p 00002000 08:02 5251026                    /usr/lib/x86_64-linux-gnu/libXinerama.so.1.0.0
7f4e061dc000-7f4e061dd000 r--p 00001000 08:02 5251026                    /usr/lib/x86_64-linux-gnu/libXinerama.so.1.0.0
7f4e061dd000-7f4e061de000 rw-p 00002000 08:02 5251026                    /usr/lib/x86_64-linux-gnu/libXinerama.so.1.0.0
7f4e061de000-7f4e061e9000 r-xp 00000000 08:02 5253963                    /usr/lib/nvidia-375/libGLESv1_CM_nvidia.so.375.26
7f4e061e9000-7f4e063e8000 ---p 0000b000 08:02 5253963                    /usr/lib/nvidia-375/libGLESv1_CM_nvidia.so.375.26
7f4e063e8000-7f4e063eb000 rw-p 0000a000 08:02 5253963                    /usr/lib/nvidia-375/libGLESv1_CM_nvidia.so.375.26
7f4e063eb000-7f4e07a36000 r-xp 00000000 08:02 5253974                    /usr/lib/nvidia-375/libnvidia-eglcore.so.375.26
7f4e07a36000-7f4e07c35000 ---p 0164b000 08:02 5253974                    /usr/lib/nvidia-375/libnvidia-eglcore.so.375.26
7f4e07c35000-7f4e07fec000 rw-p 0164a000 08:02 5253974                    /usr/lib/nvidia-375/libnvidia-eglcore.so.375.26
7f4e07fec000-7f4e08000000 rw-p 00000000 00:00 0 
7f4e08000000-7f4e0857a000 rw-p 00000000 00:00 0 
7f4e0857a000-7f4e0c000000 ---p 00000000 00:00 0 
7f4e0c000000-7f4e0c54e000 rw-p 00000000 00:00 0 
7f4e0c54e000-7f4e10000000 ---p 00000000 00:00 0 
7f4e10000000-7f4e10021000 rw-p 00000000 00:00 0 
7f4e10021000-7f4e14000000 ---p 00000000 00:00 0 
7f4e14000000-7f4e142d9000 rw-p 00000000 00:00 0 
7f4e142d9000-7f4e18000000 ---p 00000000 00:00 0 
7f4e18000000-7f4e18021000 rw-p 00000000 00:00 0 
7f4e18021000-7f4e1c000000 ---p 00000000 00:00 0 
7f4e1c000000-7f4e1c021000 rw-p 00000000 00:00 0 
7f4e1c021000-7f4e20000000 ---p 00000000 00:00 0 
7f4e20004000-7f4e20017000 rw-s 253ad6000 00:06 514                       /dev/nvidiactl
7f4e20017000-7f4e20037000 rw-s 293091000 00:06 514                       /dev/nvidiactl
7f4e20037000-7f4e20077000 rw-s 247fb1000 00:06 514                       /dev/nvidiactl
7f4e20077000-7f4e20097000 rw-s 29b711000 00:06 514                       /dev/nvidiactl
7f4e20097000-7f4e200d7000 rw-s 247d8f000 00:06 514                       /dev/nvidiactl
7f4e200d7000-7f4e201db000 rw-s 46a636000 00:06 514                       /dev/nvidiactl
7f4e201db000-7f4e2021b000 rw-s 00000000 08:02 1850809                    /home/syncophantic/.glvnd58wmao (deleted)
7f4e2021b000-7f4e2025b000 r-xs 00000000 08:02 1850809                    /home/syncophantic/.glvnd58wmao (deleted)
7f4e2025b000-7f4e202db000 rw-s 2f924d000 00:06 514                       /dev/nvidiactl
7f4e202db000-7f4e2035b000 rw-s 2eaa1d000 00:06 514                       /dev/nvidiactl
7f4e2035b000-7f4e203db000 rw-s 2f323000 00:06 514                        /dev/nvidiactl
7f4e203db000-7f4e204db000 rw-s 3ee42000 00:06 514                        /dev/nvidiactl
7f4e204db000-7f4e204ee000 rw-s 2f16b000 00:06 514                        /dev/nvidiactl
7f4e204ee000-7f4e204ff000 r-xp 00000000 08:02 5253994                    /usr/lib/nvidia-375/libGLESv2_nvidia.so.375.26
7f4e204ff000-7f4e206fe000 ---p 00011000 08:02 5253994                    /usr/lib/nvidia-375/libGLESv2_nvidia.so.375.26
7f4e206fe000-7f4e20702000 rw-p 00010000 08:02 5253994                    /usr/lib/nvidia-375/libGLESv2_nvidia.so.375.26
7f4e20702000-7f4e20703000 rw-p 00000000 00:00 0 
7f4e20703000-7f4e20807000 rw-s 46a636000 00:06 514                       /dev/nvidiactl
7f4e20807000-7f4e20815000 r-xp 00000000 08:02 5243263                    /usr/lib/x86_64-linux-gnu/libdrm.so.2.4.0
7f4e20815000-7f4e20a14000 ---p 0000e000 08:02 5243263                    /usr/lib/x86_64-linux-gnu/libdrm.so.2.4.0
7f4e20a14000-7f4e20a15000 r--p 0000d000 08:02 5243263                    /usr/lib/x86_64-linux-gnu/libdrm.so.2.4.0
7f4e20a15000-7f4e20a16000 rw-p 0000e000 08:02 5243263                    /usr/lib/x86_64-linux-gnu/libdrm.so.2.4.0
7f4e20a16000-7f4e20a19000 ---p 00000000 00:00 0 
7f4e20a19000-7f4e20b17000 rw-p 00000000 00:00 0 
7f4e20b17000-7f4e20b1e000 r-xp 00000000 08:02 5251386                    /usr/lib/x86_64-linux-gnu/libffi.so.6.0.4
7f4e20b1e000-7f4e20d1d000 ---p 00007000 08:02 5251386                    /usr/lib/x86_64-linux-gnu/libffi.so.6.0.4
7f4e20d1d000-7f4e20d1e000 r--p 00006000 08:02 5251386                    /usr/lib/x86_64-linux-gnu/libffi.so.6.0.4
7f4e20d1e000-7f4e20d1f000 rw-p 00007000 08:02 5251386                    /usr/lib/x86_64-linux-gnu/libffi.so.6.0.4
7f4e20d1f000-7f4e20d2e000 r-xp 00000000 08:02 5252279                    /usr/lib/x86_64-linux-gnu/libwayland-server.so.0.1.0
7f4e20d2e000-7f4e20f2d000 ---p 0000f000 08:02 5252279                    /usr/lib/x86_64-linux-gnu/libwayland-server.so.0.1.0
7f4e20f2d000-7f4e20f2f000 r--p 0000e000 08:02 5252279                    /usr/lib/x86_64-linux-gnu/libwayland-server.so.0.1.0
7f4e20f2f000-7f4e20f30000 rw-p 00010000 08:02 5252279                    /usr/lib/x86_64-linux-gnu/libwayland-server.so.0.1.0
7f4e20f30000-7f4e20f3c000 r-xp 00000000 08:02 5252273                    /usr/lib/x86_64-linux-gnu/libwayland-client.so.0.3.0
7f4e20f3c000-7f4e2113b000 ---p 0000c000 08:02 5252273                    /usr/lib/x86_64-linux-gnu/libwayland-client.so.0.3.0
7f4e2113b000-7f4e2113d000 r--p 0000b000 08:02 5252273                    /usr/lib/x86_64-linux-gnu/libwayland-client.so.0.3.0
7f4e2113d000-7f4e2113e000 rw-p 0000d000 08:02 5252273                    /usr/lib/x86_64-linux-gnu/libwayland-client.so.0.3.0
7f4e2113e000-7f4e21144000 r-xp 00000000 08:02 5253959                    /usr/lib/nvidia-375/libnvidia-egl-wayland.so.375.26
7f4e21144000-7f4e21344000 ---p 00006000 08:02 5253959                    /usr/lib/nvidia-375/libnvidia-egl-wayland.so.375.26
7f4e21344000-7f4e21345000 rw-p 00006000 08:02 5253959                    /usr/lib/nvidia-375/libnvidia-egl-wayland.so.375.26
7f4e21345000-7f4e213b3000 r-xp 00000000 08:02 5253996                    /usr/lib/nvidia-375/libnvidia-glsi.so.375.26
7f4e213b3000-7f4e215b3000 ---p 0006e000 08:02 5253996                    /usr/lib/nvidia-375/libnvidia-glsi.so.375.26
7f4e215b3000-7f4e215bc000 rw-p 0006e000 08:02 5253996                    /usr/lib/nvidia-375/libnvidia-glsi.so.375.26
7f4e215bc000-7f4e215cb000 rw-p 00000000 00:00 0 
7f4e215cb000-7f4e216a7000 r-xp 00000000 08:02 5253971                    /usr/lib/nvidia-375/libEGL_nvidia.so.375.26
7f4e216a7000-7f4e218a7000 ---p 000dc000 08:02 5253971                    /usr/lib/nvidia-375/libEGL_nvidia.so.375.26
7f4e218a7000-7f4e218d3000 rw-p 000dc000 08:02 5253971                    /usr/lib/nvidia-375/libEGL_nvidia.so.375.26
7f4e218d3000-7f4e218e7000 rw-p 00000000 00:00 0 
7f4e218e7000-7f4e21943000 r-xp 00000000 08:02 1115                       /tmp/jogamp_0000/file_cache/jln4883041777171494052/jln6614641983827456523/natives/linux-amd64/libjogl_mobile.so
7f4e21943000-7f4e21b43000 ---p 0005c000 08:02 1115                       /tmp/jogamp_0000/file_cache/jln4883041777171494052/jln6614641983827456523/natives/linux-amd64/libjogl_mobile.so
7f4e21b43000-7f4e21b44000 rw-p 0005c000 08:02 1115                       /tmp/jogamp_0000/file_cache/jln4883041777171494052/jln6614641983827456523/natives/linux-amd64/libjogl_mobile.so
7f4e21b44000-7f4e21b56000 r-xp 00000000 08:02 5253966                    /usr/lib/nvidia-375/libEGL.so.1
7f4e21b56000-7f4e21d56000 ---p 00012000 08:02 5253966                    /usr/lib/nvidia-375/libEGL.so.1
7f4e21d56000-7f4e21d57000 rw-p 00012000 08:02 5253966                    /usr/lib/nvidia-375/libEGL.so.1
7f4e21d57000-7f4e21d5c000 r-xp 00000000 08:02 5254001                    /usr/lib/nvidia-375/libGLESv2.so.2
7f4e21d5c000-7f4e21d60000 r-xp 00005000 08:02 5254001                    /usr/lib/nvidia-375/libGLESv2.so.2
7f4e21d60000-7f4e21d64000 r-xp 00009000 08:02 5254001                    /usr/lib/nvidia-375/libGLESv2.so.2
7f4e21d64000-7f4e21f63000 ---p 0000d000 08:02 5254001                    /usr/lib/nvidia-375/libGLESv2.so.2
7f4e21f63000-7f4e21f64000 rw-p 0000c000 08:02 5254001                    /usr/lib/nvidia-375/libGLESv2.so.2
7f4e21f64000-7f4e21f67000 ---p 00000000 00:00 0 
7f4e21f67000-7f4e22065000 rw-p 00000000 00:00 0 
7f4e22065000-7f4e2211d000 r-xp 00000000 08:02 1114                       /tmp/jogamp_0000/file_cache/jln4883041777171494052/jln6614641983827456523/natives/linux-amd64/libjogl_desktop.so
7f4e2211d000-7f4e2231d000 ---p 000b8000 08:02 1114                       /tmp/jogamp_0000/file_cache/jln4883041777171494052/jln6614641983827456523/natives/linux-amd64/libjogl_desktop.so
7f4e2231d000-7f4e2231e000 rw-p 000b8000 08:02 1114                       /tmp/jogamp_0000/file_cache/jln4883041777171494052/jln6614641983827456523/natives/linux-amd64/libjogl_desktop.so
7f4e2231e000-7f4e2236c000 r-xp 00000000 08:02 5253987                    /usr/lib/nvidia-375/libGLdispatch.so.0
7f4e2236c000-7f4e2239e000 r-xp 0004e000 08:02 5253987                    /usr/lib/nvidia-375/libGLdispatch.so.0
7f4e2239e000-7f4e223d8000 r-xp 00080000 08:02 5253987                    /usr/lib/nvidia-375/libGLdispatch.so.0
7f4e223d8000-7f4e225d8000 ---p 000ba000 08:02 5253987                    /usr/lib/nvidia-375/libGLdispatch.so.0
7f4e225d8000-7f4e225e7000 rw-p 000ba000 08:02 5253987                    /usr/lib/nvidia-375/libGLdispatch.so.0
7f4e225e7000-7f4e22607000 rw-p 00000000 00:00 0 
7f4e22607000-7f4e22616000 r-xp 00000000 08:02 5253962                    /usr/lib/nvidia-375/libGLX.so.0
7f4e22616000-7f4e22816000 ---p 0000f000 08:02 5253962                    /usr/lib/nvidia-375/libGLX.so.0
7f4e22816000-7f4e22817000 rw-p 0000f000 08:02 5253962                    /usr/lib/nvidia-375/libGLX.so.0
7f4e22817000-7f4e22837000 rw-p 00000000 00:00 0 
7f4e22837000-7f4e22869000 r-xp 00000000 08:02 5253989                    /usr/lib/nvidia-375/libGL.so.1.0.0
7f4e22869000-7f4e2289b000 r-xp 00032000 08:02 5253989                    /usr/lib/nvidia-375/libGL.so.1.0.0
7f4e2289b000-7f4e228c5000 r-xp 00064000 08:02 5253989                    /usr/lib/nvidia-375/libGL.so.1.0.0
7f4e228c5000-7f4e22ac5000 ---p 0008e000 08:02 5253989                    /usr/lib/nvidia-375/libGL.so.1.0.0
7f4e22ac5000-7f4e22ac6000 rw-p 0008e000 08:02 5253989                    /usr/lib/nvidia-375/libGL.so.1.0.0
7f4e22ac6000-7f4e22cc7000 rw-p 00000000 00:00 0 
7f4e22cc7000-7f4e22ec7000 rw-p 00000000 00:00 0 
7f4e22ec7000-7f4e22ece000 r-xp 00000000 08:02 1119                       /tmp/jogamp_0000/file_cache/jln4883041777171494052/jln6614641983827456523/natives/linux-amd64/libnativewindow_x11.so
7f4e22ece000-7f4e230cd000 ---p 00007000 08:02 1119                       /tmp/jogamp_0000/file_cache/jln4883041777171494052/jln6614641983827456523/natives/linux-amd64/libnativewindow_x11.so
7f4e230cd000-7f4e230ce000 rw-p 00006000 08:02 1119                       /tmp/jogamp_0000/file_cache/jln4883041777171494052/jln6614641983827456523/natives/linux-amd64/libnativewindow_x11.so
7f4e230ce000-7f4e230d1000 ---p 00000000 00:00 0 
7f4e230d1000-7f4e231cf000 rw-p 00000000 00:00 0 
7f4e231cf000-7f4e231d2000 ---p 00000000 00:00 0 
7f4e231d2000-7f4e232d0000 rw-p 00000000 00:00 0 
7f4e232d0000-7f4e232d5000 r-xp 00000000 08:02 5251052                    /usr/lib/x86_64-linux-gnu/libXxf86vm.so.1.0.0
7f4e232d5000-7f4e234d4000 ---p 00005000 08:02 5251052                    /usr/lib/x86_64-linux-gnu/libXxf86vm.so.1.0.0
7f4e234d4000-7f4e234d5000 r--p 00004000 08:02 5251052                    /usr/lib/x86_64-linux-gnu/libXxf86vm.so.1.0.0
7f4e234d5000-7f4e234d6000 rw-p 00005000 08:02 5251052                    /usr/lib/x86_64-linux-gnu/libXxf86vm.so.1.0.0
7f4e234d6000-7f4e234d8000 r-xp 00000000 08:02 1116                       /tmp/jogamp_0000/file_cache/jln4883041777171494052/jln6614641983827456523/natives/linux-amd64/libnativewindow_awt.so
7f4e234d8000-7f4e236d7000 ---p 00002000 08:02 1116                       /tmp/jogamp_0000/file_cache/jln4883041777171494052/jln6614641983827456523/natives/linux-amd64/libnativewindow_awt.so
7f4e236d7000-7f4e236d8000 rw-p 00001000 08:02 1116                       /tmp/jogamp_0000/file_cache/jln4883041777171494052/jln6614641983827456523/natives/linux-amd64/libnativewindow_awt.so
7f4e236d8000-7f4e236d9000 r-xp 00000000 08:02 5638067                    /usr/lib/jvm/java-8-oracle/jre/lib/amd64/libjawt.so
7f4e236d9000-7f4e238d8000 ---p 00001000 08:02 5638067                    /usr/lib/jvm/java-8-oracle/jre/lib/amd64/libjawt.so
7f4e238d8000-7f4e238d9000 rw-p 00000000 08:02 5638067                    /usr/lib/jvm/java-8-oracle/jre/lib/amd64/libjawt.so
7f4e238d9000-7f4e238dc000 ---p 00000000 00:00 0 
7f4e238dc000-7f4e239da000 rw-p 00000000 00:00 0 
7f4e239da000-7f4e239df000 r-xp 00000000 08:02 5251018                    /usr/lib/x86_64-linux-gnu/libXfixes.so.3.1.0
7f4e239df000-7f4e23bde000 ---p 00005000 08:02 5251018                    /usr/lib/x86_64-linux-gnu/libXfixes.so.3.1.0
7f4e23bde000-7f4e23bdf000 r--p 00004000 08:02 5251018                    /usr/lib/x86_64-linux-gnu/libXfixes.so.3.1.0
7f4e23bdf000-7f4e23be0000 rw-p 00005000 08:02 5251018                    /usr/lib/x86_64-linux-gnu/libXfixes.so.3.1.0
7f4e23be0000-7f4e23be9000 r-xp 00000000 08:02 5251010                    /usr/lib/x86_64-linux-gnu/libXcursor.so.1.0.2
7f4e23be9000-7f4e23de8000 ---p 00009000 08:02 5251010                    /usr/lib/x86_64-linux-gnu/libXcursor.so.1.0.2
7f4e23de8000-7f4e23de9000 r--p 00008000 08:02 5251010                    /usr/lib/x86_64-linux-gnu/libXcursor.so.1.0.2
7f4e23de9000-7f4e23dea000 rw-p 00009000 08:02 5251010                    /usr/lib/x86_64-linux-gnu/libXcursor.so.1.0.2
7f4e23dea000-7f4e23e00000 r-xp 00000000 08:02 4329894                    /lib/x86_64-linux-gnu/libgcc_s.so.1
7f4e23e00000-7f4e23fff000 ---p 00016000 08:02 4329894                    /lib/x86_64-linux-gnu/libgcc_s.so.1
7f4e23fff000-7f4e24000000 rw-p 00015000 08:02 4329894                    /lib/x86_64-linux-gnu/libgcc_s.so.1
7f4e24000000-7f4e24021000 rw-p 00000000 00:00 0 
7f4e24021000-7f4e28000000 ---p 00000000 00:00 0 
7f4e28000000-7f4e28021000 rw-p 00000000 00:00 0 
7f4e28021000-7f4e2c000000 ---p 00000000 00:00 0 
7f4e2c000000-7f4e2c258000 rw-p 00000000 00:00 0 
7f4e2c258000-7f4e30000000 ---p 00000000 00:00 0 
7f4e30000000-7f4e30021000 rw-p 00000000 00:00 0 
7f4e30021000-7f4e34000000 ---p 00000000 00:00 0 
7f4e34000000-7f4e34172000 rw-p 00000000 00:00 0 
7f4e34172000-7f4e38000000 ---p 00000000 00:00 0 
7f4e38000000-7f4e3813b000 rw-p 00000000 00:00 0 
7f4e3813b000-7f4e3c000000 ---p 00000000 00:00 0 
7f4e3c000000-7f4e3c021000 rw-p 00000000 00:00 0 
7f4e3c021000-7f4e40000000 ---p 00000000 00:00 0 
7f4e40000000-7f4e401e0000 rw-p 00000000 00:00 0 
7f4e401e0000-7f4e44000000 ---p 00000000 00:00 0 
7f4e44000000-7f4e44021000 rw-p 00000000 00:00 0 
7f4e44021000-7f4e48000000 ---p 00000000 00:00 0 
7f4e48000000-7f4e48021000 rw-p 00000000 00:00 0 
7f4e48021000-7f4e4c000000 ---p 00000000 00:00 0 
7f4e4c000000-7f4e4c021000 rw-p 00000000 00:00 0 
7f4e4c021000-7f4e50000000 ---p 00000000 00:00 0 
7f4e50007000-7f4e50027000 rw-s c0d20000 00:06 515                        /dev/nvidia0
7f4e50027000-7f4e50067000 rw-s 2f36c000 00:06 514                        /dev/nvidiactl
7f4e50067000-7f4e50087000 rw-s 247ed6000 00:06 514                       /dev/nvidiactl
7f4e50087000-7f4e500ec000 r-xp 00000000 08:02 5636579                    /usr/lib/jvm/java-8-oracle/jre/lib/amd64/libfontmanager.so
7f4e500ec000-7f4e502eb000 ---p 00065000 08:02 5636579                    /usr/lib/jvm/java-8-oracle/jre/lib/amd64/libfontmanager.so
7f4e502eb000-7f4e502f0000 rw-p 00064000 08:02 5636579                    /usr/lib/jvm/java-8-oracle/jre/lib/amd64/libfontmanager.so
7f4e502f0000-7f4e58000000 rw-p 00000000 00:00 0 
7f4e58000000-7f4e58021000 rw-p 00000000 00:00 0 
7f4e58021000-7f4e5c000000 ---p 00000000 00:00 0 
7f4e5c000000-7f4e5c021000 rw-p 00000000 00:00 0 
7f4e5c021000-7f4e60000000 ---p 00000000 00:00 0 
7f4e60000000-7f4e60021000 rw-p 00000000 00:00 0 
7f4e60021000-7f4e64000000 ---p 00000000 00:00 0 
7f4e64000000-7f4e64021000 rw-p 00000000 00:00 0 
7f4e64021000-7f4e68000000 ---p 00000000 00:00 0 
7f4e68000000-7f4e68021000 rw-p 00000000 00:00 0 
7f4e68021000-7f4e6c000000 ---p 00000000 00:00 0 
7f4e6c005000-7f4e6c045000 rw-s 247d75000 00:06 514                       /dev/nvidiactl
7f4e6c045000-7f4e6c065000 rw-s 2fd96d000 00:06 514                       /dev/nvidiactl
7f4e6c065000-7f4e6c0a5000 rw-s 247da9000 00:06 514                       /dev/nvidiactl
7f4e6c0a5000-7f4e6c0c5000 rw-s 2ea818000 00:06 514                       /dev/nvidiactl
7f4e6c0c5000-7f4e6c0e5000 rw-s 00000000 08:02 1840145                    /home/syncophantic/.glvndNjWfkp (deleted)
7f4e6c0e5000-7f4e6c0ea000 r-xp 00000000 08:02 5251014                    /usr/lib/x86_64-linux-gnu/libXdmcp.so.6.0.0
7f4e6c0ea000-7f4e6c2e9000 ---p 00005000 08:02 5251014                    /usr/lib/x86_64-linux-gnu/libXdmcp.so.6.0.0
7f4e6c2e9000-7f4e6c2ea000 r--p 00004000 08:02 5251014                    /usr/lib/x86_64-linux-gnu/libXdmcp.so.6.0.0
7f4e6c2ea000-7f4e6c2eb000 rw-p 00005000 08:02 5251014                    /usr/lib/x86_64-linux-gnu/libXdmcp.so.6.0.0
7f4e6c2eb000-7f4e6c2ed000 r-xp 00000000 08:02 5251003                    /usr/lib/x86_64-linux-gnu/libXau.so.6.0.0
7f4e6c2ed000-7f4e6c4ed000 ---p 00002000 08:02 5251003                    /usr/lib/x86_64-linux-gnu/libXau.so.6.0.0
7f4e6c4ed000-7f4e6c4ee000 r--p 00002000 08:02 5251003                    /usr/lib/x86_64-linux-gnu/libXau.so.6.0.0
7f4e6c4ee000-7f4e6c4ef000 rw-p 00003000 08:02 5251003                    /usr/lib/x86_64-linux-gnu/libXau.so.6.0.0
7f4e6c4ef000-7f4e6c510000 r-xp 00000000 08:02 5252381                    /usr/lib/x86_64-linux-gnu/libxcb.so.1.1.0
7f4e6c510000-7f4e6c70f000 ---p 00021000 08:02 5252381                    /usr/lib/x86_64-linux-gnu/libxcb.so.1.1.0
7f4e6c70f000-7f4e6c710000 r--p 00020000 08:02 5252381                    /usr/lib/x86_64-linux-gnu/libxcb.so.1.1.0
7f4e6c710000-7f4e6c711000 rw-p 00021000 08:02 5252381                    /usr/lib/x86_64-linux-gnu/libxcb.so.1.1.0
7f4e6c711000-7f4e6c720000 r-xp 00000000 08:02 5251024                    /usr/lib/x86_64-linux-gnu/libXi.so.6.1.0
7f4e6c720000-7f4e6c91f000 ---p 0000f000 08:02 5251024                    /usr/lib/x86_64-linux-gnu/libXi.so.6.1.0
7f4e6c91f000-7f4e6c920000 r--p 0000e000 08:02 5251024                    /usr/lib/x86_64-linux-gnu/libXi.so.6.1.0
7f4e6c920000-7f4e6c921000 rw-p 0000f000 08:02 5251024                    /usr/lib/x86_64-linux-gnu/libXi.so.6.1.0
7f4e6c921000-7f4e6c926000 r-xp 00000000 08:02 5251042                    /usr/lib/x86_64-linux-gnu/libXtst.so.6.1.0
7f4e6c926000-7f4e6cb25000 ---p 00005000 08:02 5251042                    /usr/lib/x86_64-linux-gnu/libXtst.so.6.1.0
7f4e6cb25000-7f4e6cb26000 r--p 00004000 08:02 5251042                    /usr/lib/x86_64-linux-gnu/libXtst.so.6.1.0
7f4e6cb26000-7f4e6cb27000 rw-p 00005000 08:02 5251042                    /usr/lib/x86_64-linux-gnu/libXtst.so.6.1.0
7f4e6cb27000-7f4e6cb30000 r-xp 00000000 08:02 5251036                    /usr/lib/x86_64-linux-gnu/libXrender.so.1.3.0
7f4e6cb30000-7f4e6cd2f000 ---p 00009000 08:02 5251036                    /usr/lib/x86_64-linux-gnu/libXrender.so.1.3.0
7f4e6cd2f000-7f4e6cd30000 r--p 00008000 08:02 5251036                    /usr/lib/x86_64-linux-gnu/libXrender.so.1.3.0
7f4e6cd30000-7f4e6cd31000 rw-p 00009000 08:02 5251036                    /usr/lib/x86_64-linux-gnu/libXrender.so.1.3.0
7f4e6cd31000-7f4e6ce66000 r-xp 00000000 08:02 5250999                    /usr/lib/x86_64-linux-gnu/libX11.so.6.3.0
7f4e6ce66000-7f4e6d066000 ---p 00135000 08:02 5250999                    /usr/lib/x86_64-linux-gnu/libX11.so.6.3.0
7f4e6d066000-7f4e6d067000 r--p 00135000 08:02 5250999                    /usr/lib/x86_64-linux-gnu/libX11.so.6.3.0
7f4e6d067000-7f4e6d06b000 rw-p 00136000 08:02 5250999                    /usr/lib/x86_64-linux-gnu/libX11.so.6.3.0
7f4e6d06b000-7f4e6d07c000 r-xp 00000000 08:02 5251016                    /usr/lib/x86_64-linux-gnu/libXext.so.6.4.0
7f4e6d07c000-7f4e6d27b000 ---p 00011000 08:02 5251016                    /usr/lib/x86_64-linux-gnu/libXext.so.6.4.0
7f4e6d27b000-7f4e6d27c000 r--p 00010000 08:02 5251016                    /usr/lib/x86_64-linux-gnu/libXext.so.6.4.0
7f4e6d27c000-7f4e6d27d000 rw-p 00011000 08:02 5251016                    /usr/lib/x86_64-linux-gnu/libXext.so.6.4.0
7f4e6d27d000-7f4e6d2d1000 r-xp 00000000 08:02 5636589                    /usr/lib/jvm/java-8-oracle/jre/lib/amd64/libawt_xawt.so
7f4e6d2d1000-7f4e6d4d1000 ---p 00054000 08:02 5636589                    /usr/lib/jvm/java-8-oracle/jre/lib/amd64/libawt_xawt.so
7f4e6d4d1000-7f4e6d4d5000 rw-p 00054000 08:02 5636589                    /usr/lib/jvm/java-8-oracle/jre/lib/amd64/libawt_xawt.so
7f4e6d4d5000-7f4e6d4d6000 rw-p 00000000 00:00 0 
7f4e6d4d6000-7f4e6d578000 r-xp 00000000 08:02 5638089                    /usr/lib/jvm/java-8-oracle/jre/lib/amd64/libawt.so
7f4e6d578000-7f4e6d778000 ---p 000a2000 08:02 5638089                    /usr/lib/jvm/java-8-oracle/jre/lib/amd64/libawt.so
7f4e6d778000-7f4e6d784000 rw-p 000a2000 08:02 5638089                    /usr/lib/jvm/java-8-oracle/jre/lib/amd64/libawt.so
7f4e6d784000-7f4e6d7a8000 rw-p 00000000 00:00 0 
7f4e6d7a8000-7f4e6d7aa000 r-xp 00000000 08:02 1113                       /tmp/jogamp_0000/file_cache/jln4883041777171494052/jln6614641983827456523/natives/linux-amd64/libgluegen-rt.so
7f4e6d7aa000-7f4e6d9a9000 ---p 00002000 08:02 1113                       /tmp/jogamp_0000/file_cache/jln4883041777171494052/jln6614641983827456523/natives/linux-amd64/libgluegen-rt.so
7f4e6d9a9000-7f4e6d9aa000 rw-p 00001000 08:02 1113                       /tmp/jogamp_0000/file_cache/jln4883041777171494052/jln6614641983827456523/natives/linux-amd64/libgluegen-rt.so
7f4e6d9aa000-7f4e6d9ad000 ---p 00000000 00:00 0 
7f4e6d9ad000-7f4e6daab000 rw-p 00000000 00:00 0 
7f4e6daab000-7f4e6dabc000 r-xp 00000000 08:02 5636586                    /usr/lib/jvm/java-8-oracle/jre/lib/amd64/libnio.so
7f4e6dabc000-7f4e6dcbb000 ---p 00011000 08:02 5636586                    /usr/lib/jvm/java-8-oracle/jre/lib/amd64/libnio.so
7f4e6dcbb000-7f4e6dcbc000 rw-p 00010000 08:02 5636586                    /usr/lib/jvm/java-8-oracle/jre/lib/amd64/libnio.so
7f4e6dcbc000-7f4e6dfbd000 rw-p 00000000 00:00 0 
7f4e6dfbd000-7f4e6dfd3000 r-xp 00000000 08:02 5636420                    /usr/lib/jvm/java-8-oracle/jre/lib/amd64/libnet.so
7f4e6dfd3000-7f4e6e1d3000 ---p 00016000 08:02 5636420                    /usr/lib/jvm/java-8-oracle/jre/lib/amd64/libnet.so
7f4e6e1d3000-7f4e6e1d4000 rw-p 00016000 08:02 5636420                    /usr/lib/jvm/java-8-oracle/jre/lib/amd64/libnet.so
7f4e6e1d4000-7f4e6e1d7000 ---p 00000000 00:00 0 
7f4e6e1d7000-7f4e6e20d000 rw-p 00000000 00:00 0 
7f4e6e20d000-7f4e6e20e000 ---p 00000000 00:00 0 
7f4e6e20e000-7f4e6e30e000 rw-p 00000000 00:00 0 
7f4e6e30e000-7f4e6e311000 ---p 00000000 00:00 0 
7f4e6e311000-7f4e6e40f000 rw-p 00000000 00:00 0 
7f4e6e40f000-7f4e6e412000 ---p 00000000 00:00 0 
7f4e6e412000-7f4e6e510000 rw-p 00000000 00:00 0 
7f4e6e510000-7f4e6e513000 ---p 00000000 00:00 0 
7f4e6e513000-7f4e6e611000 rw-p 00000000 00:00 0 
7f4e6e611000-7f4e6e614000 ---p 00000000 00:00 0 
7f4e6e614000-7f4e6e712000 rw-p 00000000 00:00 0 
7f4e6e712000-7f4e6e715000 ---p 00000000 00:00 0 
7f4e6e715000-7f4e6e813000 rw-p 00000000 00:00 0 
7f4e6e813000-7f4e6e816000 ---p 00000000 00:00 0 
7f4e6e816000-7f4e6e914000 rw-p 00000000 00:00 0 
7f4e6e914000-7f4e6ebec000 r--p 00000000 08:02 5243797                    /usr/lib/locale/locale-archive
7f4e6ebec000-7f4e6ebef000 ---p 00000000 00:00 0 
7f4e6ebef000-7f4e6eced000 rw-p 00000000 00:00 0 
7f4e6eced000-7f4e6ecf0000 ---p 00000000 00:00 0 
7f4e6ecf0000-7f4e6edee000 rw-p 00000000 00:00 0 
7f4e6edee000-7f4e6edef000 ---p 00000000 00:00 0 
7f4e6edef000-7f4e70000000 rw-p 00000000 00:00 0 
7f4e70000000-7f4e70021000 rw-p 00000000 00:00 0 
7f4e70021000-7f4e74000000 ---p 00000000 00:00 0 
7f4e74000000-7f4e74021000 rw-p 00000000 00:00 0 
7f4e74021000-7f4e78000000 ---p 00000000 00:00 0 
7f4e78000000-7f4e78021000 rw-p 00000000 00:00 0 
7f4e78021000-7f4e7c000000 ---p 00000000 00:00 0 
7f4e7c009000-7f4e7c00a000 rw-s 251005000 00:06 514                       /dev/nvidiactl
7f4e7c00a000-7f4e7c00b000 rw-s cfdea000 00:06 515                        /dev/nvidia0
7f4e7c00b000-7f4e7c00c000 rw-s cfde9000 00:06 515                        /dev/nvidia0
7f4e7c00c000-7f4e7c00d000 rw-s cfde9000 00:06 515                        /dev/nvidia0
7f4e7c00d000-7f4e7c00e000 rw-s 2fda17000 00:06 514                       /dev/nvidiactl
7f4e7c00e000-7f4e7c010000 rw-s 00000000 08:02 1121                       /tmp/.glegeF8n (deleted)
7f4e7c010000-7f4e7c030000 r-xs 00000000 08:02 1840145                    /home/syncophantic/.glvndNjWfkp (deleted)
7f4e7c030000-7f4e7c054000 r--s 0031e000 08:11 36670                      /media/syncophantic/Beta/Syncophantic/Coding/Eclipse/JOGL-Libs/jogl-all.jar
7f4e7c054000-7f4e7d000000 rw-p 00000000 00:00 0 
7f4e7d000000-7f4e7d340000 rwxp 00000000 00:00 0 
7f4e7d340000-7f4e8c000000 ---p 00000000 00:00 0 
7f4e8c000000-7f4e8c9bb000 rw-p 00000000 00:00 0 
7f4e8c9bb000-7f4e90000000 ---p 00000000 00:00 0 
7f4e90000000-7f4e90001000 rw-s 253ad5000 00:06 514                       /dev/nvidiactl
7f4e90001000-7f4e90005000 rw-s 253ad1000 00:06 514                       /dev/nvidiactl
7f4e90005000-7f4e90006000 rw-s cfde9000 00:06 515                        /dev/nvidia0
7f4e90006000-7f4e90007000 rw-s cfde9000 00:06 515                        /dev/nvidia0
7f4e90007000-7f4e90008000 rw-s cfde9000 00:06 515                        /dev/nvidia0
7f4e90008000-7f4e9000c000 rw-s 2f7c6000 00:06 514                        /dev/nvidiactl
7f4e9000c000-7f4e903e2000 rw-p 00000000 00:00 0 
7f4e903e2000-7f4e905ba000 r--s 03d2a000 08:02 5636410                    /usr/lib/jvm/java-8-oracle/jre/lib/rt.jar
7f4e905ba000-7f4e90e00000 rw-p 00000000 00:00 0 
7f4e90e00000-7f4e90e01000 ---p 00000000 00:00 0 
7f4e90e01000-7f4e90f01000 rw-p 00000000 00:00 0 
7f4e90f01000-7f4e90f02000 ---p 00000000 00:00 0 
7f4e90f02000-7f4e91002000 rw-p 00000000 00:00 0 
7f4e91002000-7f4e91003000 ---p 00000000 00:00 0 
7f4e91003000-7f4e91103000 rw-p 00000000 00:00 0 
7f4e91103000-7f4e91104000 ---p 00000000 00:00 0 
7f4e91104000-7f4e91204000 rw-p 00000000 00:00 0 
7f4e91204000-7f4e91205000 ---p 00000000 00:00 0 
7f4e91205000-7f4e91305000 rw-p 00000000 00:00 0 
7f4e91305000-7f4e91306000 ---p 00000000 00:00 0 
7f4e91306000-7f4e91406000 rw-p 00000000 00:00 0 
7f4e91406000-7f4e91407000 ---p 00000000 00:00 0 
7f4e91407000-7f4e91507000 rw-p 00000000 00:00 0 
7f4e91507000-7f4e91508000 ---p 00000000 00:00 0 
7f4e91508000-7f4e9165c000 rw-p 00000000 00:00 0 
7f4e9165c000-7f4e91b3e000 ---p 00000000 00:00 0 
7f4e91b3e000-7f4e91b92000 rw-p 00000000 00:00 0 
7f4e91b92000-7f4e92073000 ---p 00000000 00:00 0 
7f4e92073000-7f4e9209d000 rw-p 00000000 00:00 0 
7f4e9209d000-7f4e9230e000 ---p 00000000 00:00 0 
7f4e9230e000-7f4e9231c000 rw-p 00000000 00:00 0 
7f4e9231c000-7f4e926cf000 ---p 00000000 00:00 0 
7f4e926cf000-7f4e926e9000 r-xp 00000000 08:02 5636584                    /usr/lib/jvm/java-8-oracle/jre/lib/amd64/libzip.so
7f4e926e9000-7f4e928e9000 ---p 0001a000 08:02 5636584                    /usr/lib/jvm/java-8-oracle/jre/lib/amd64/libzip.so
7f4e928e9000-7f4e928ea000 rw-p 0001a000 08:02 5636584                    /usr/lib/jvm/java-8-oracle/jre/lib/amd64/libzip.so
7f4e928ea000-7f4e928f5000 r-xp 00000000 08:02 4329874                    /lib/x86_64-linux-gnu/libnss_files-2.23.so
7f4e928f5000-7f4e92af4000 ---p 0000b000 08:02 4329874                    /lib/x86_64-linux-gnu/libnss_files-2.23.so
7f4e92af4000-7f4e92af5000 r--p 0000a000 08:02 4329874                    /lib/x86_64-linux-gnu/libnss_files-2.23.so
7f4e92af5000-7f4e92af6000 rw-p 0000b000 08:02 4329874                    /lib/x86_64-linux-gnu/libnss_files-2.23.so
7f4e92af6000-7f4e92afc000 rw-p 00000000 00:00 0 
7f4e92afc000-7f4e92b07000 r-xp 00000000 08:02 4325462                    /lib/x86_64-linux-gnu/libnss_nis-2.23.so
7f4e92b07000-7f4e92d06000 ---p 0000b000 08:02 4325462                    /lib/x86_64-linux-gnu/libnss_nis-2.23.so
7f4e92d06000-7f4e92d07000 r--p 0000a000 08:02 4325462                    /lib/x86_64-linux-gnu/libnss_nis-2.23.so
7f4e92d07000-7f4e92d08000 rw-p 0000b000 08:02 4325462                    /lib/x86_64-linux-gnu/libnss_nis-2.23.so
7f4e92d08000-7f4e92d1e000 r-xp 00000000 08:02 4325473                    /lib/x86_64-linux-gnu/libnsl-2.23.so
7f4e92d1e000-7f4e92f1d000 ---p 00016000 08:02 4325473                    /lib/x86_64-linux-gnu/libnsl-2.23.so
7f4e92f1d000-7f4e92f1e000 r--p 00015000 08:02 4325473                    /lib/x86_64-linux-gnu/libnsl-2.23.so
7f4e92f1e000-7f4e92f1f000 rw-p 00016000 08:02 4325473                    /lib/x86_64-linux-gnu/libnsl-2.23.so
7f4e92f1f000-7f4e92f21000 rw-p 00000000 00:00 0 
7f4e92f21000-7f4e92f29000 r-xp 00000000 08:02 4325474                    /lib/x86_64-linux-gnu/libnss_compat-2.23.so
7f4e92f29000-7f4e93128000 ---p 00008000 08:02 4325474                    /lib/x86_64-linux-gnu/libnss_compat-2.23.so
7f4e93128000-7f4e93129000 r--p 00007000 08:02 4325474                    /lib/x86_64-linux-gnu/libnss_compat-2.23.so
7f4e93129000-7f4e9312a000 rw-p 00008000 08:02 4325474                    /lib/x86_64-linux-gnu/libnss_compat-2.23.so
7f4e9312a000-7f4e93155000 r-xp 00000000 08:02 5638071                    /usr/lib/jvm/java-8-oracle/jre/lib/amd64/libjava.so
7f4e93155000-7f4e93354000 ---p 0002b000 08:02 5638071                    /usr/lib/jvm/java-8-oracle/jre/lib/amd64/libjava.so
7f4e93354000-7f4e93356000 rw-p 0002a000 08:02 5638071                    /usr/lib/jvm/java-8-oracle/jre/lib/amd64/libjava.so
7f4e93356000-7f4e93363000 r-xp 00000000 08:02 5636421                    /usr/lib/jvm/java-8-oracle/jre/lib/amd64/libverify.so
7f4e93363000-7f4e93562000 ---p 0000d000 08:02 5636421                    /usr/lib/jvm/java-8-oracle/jre/lib/amd64/libverify.so
7f4e93562000-7f4e93564000 rw-p 0000c000 08:02 5636421                    /usr/lib/jvm/java-8-oracle/jre/lib/amd64/libverify.so
7f4e93564000-7f4e9356b000 r-xp 00000000 08:02 4325461                    /lib/x86_64-linux-gnu/librt-2.23.so
7f4e9356b000-7f4e9376a000 ---p 00007000 08:02 4325461                    /lib/x86_64-linux-gnu/librt-2.23.so
7f4e9376a000-7f4e9376b000 r--p 00006000 08:02 4325461                    /lib/x86_64-linux-gnu/librt-2.23.so
7f4e9376b000-7f4e9376c000 rw-p 00007000 08:02 4325461                    /lib/x86_64-linux-gnu/librt-2.23.so
7f4e9376c000-7f4e93874000 r-xp 00000000 08:02 4325471                    /lib/x86_64-linux-gnu/libm-2.23.so
7f4e93874000-7f4e93a73000 ---p 00108000 08:02 4325471                    /lib/x86_64-linux-gnu/libm-2.23.so
7f4e93a73000-7f4e93a74000 r--p 00107000 08:02 4325471                    /lib/x86_64-linux-gnu/libm-2.23.so
7f4e93a74000-7f4e93a75000 rw-p 00108000 08:02 4325471                    /lib/x86_64-linux-gnu/libm-2.23.so
7f4e93a75000-7f4e94742000 r-xp 00000000 08:02 5638082                    /usr/lib/jvm/java-8-oracle/jre/lib/amd64/server/libjvm.so
7f4e94742000-7f4e94941000 ---p 00ccd000 08:02 5638082                    /usr/lib/jvm/java-8-oracle/jre/lib/amd64/server/libjvm.so
7f4e94941000-7f4e94a1a000 rw-p 00ccc000 08:02 5638082                    /usr/lib/jvm/java-8-oracle/jre/lib/amd64/server/libjvm.so
7f4e94a1a000-7f4e94a65000 rw-p 00000000 00:00 0 
7f4e94a65000-7f4e94c24000 r-xp 00000000 08:02 4325466                    /lib/x86_64-linux-gnu/libc-2.23.so
7f4e94c24000-7f4e94e24000 ---p 001bf000 08:02 4325466                    /lib/x86_64-linux-gnu/libc-2.23.so
7f4e94e24000-7f4e94e28000 r--p 001bf000 08:02 4325466                    /lib/x86_64-linux-gnu/libc-2.23.so
7f4e94e28000-7f4e94e2a000 rw-p 001c3000 08:02 4325466                    /lib/x86_64-linux-gnu/libc-2.23.so
7f4e94e2a000-7f4e94e2e000 rw-p 00000000 00:00 0 
7f4e94e2e000-7f4e94e31000 r-xp 00000000 08:02 4325465                    /lib/x86_64-linux-gnu/libdl-2.23.so
7f4e94e31000-7f4e95030000 ---p 00003000 08:02 4325465                    /lib/x86_64-linux-gnu/libdl-2.23.so
7f4e95030000-7f4e95031000 r--p 00002000 08:02 4325465                    /lib/x86_64-linux-gnu/libdl-2.23.so
7f4e95031000-7f4e95032000 rw-p 00003000 08:02 4325465                    /lib/x86_64-linux-gnu/libdl-2.23.so
7f4e95032000-7f4e95047000 r-xp 00000000 08:02 5382743                    /usr/lib/jvm/java-8-oracle/lib/amd64/jli/libjli.so
7f4e95047000-7f4e95247000 ---p 00015000 08:02 5382743                    /usr/lib/jvm/java-8-oracle/lib/amd64/jli/libjli.so
7f4e95247000-7f4e95248000 rw-p 00015000 08:02 5382743                    /usr/lib/jvm/java-8-oracle/lib/amd64/jli/libjli.so
7f4e95248000-7f4e95260000 r-xp 00000000 08:02 4325472                    /lib/x86_64-linux-gnu/libpthread-2.23.so
7f4e95260000-7f4e9545f000 ---p 00018000 08:02 4325472                    /lib/x86_64-linux-gnu/libpthread-2.23.so
7f4e9545f000-7f4e95460000 r--p 00017000 08:02 4325472                    /lib/x86_64-linux-gnu/libpthread-2.23.so
7f4e95460000-7f4e95461000 rw-p 00018000 08:02 4325472                    /lib/x86_64-linux-gnu/libpthread-2.23.so
7f4e95461000-7f4e95465000 rw-p 00000000 00:00 0 
7f4e95465000-7f4e9548b000 r-xp 00000000 08:02 4325381                    /lib/x86_64-linux-gnu/ld-2.23.so
7f4e9548b000-7f4e9548c000 rw-s 25a3d2000 00:06 514                       /dev/nvidiactl
7f4e9548c000-7f4e95493000 r--s 00000000 08:02 5507041                    /usr/lib/x86_64-linux-gnu/gconv/gconv-modules.cache
7f4e95493000-7f4e95565000 rw-p 00000000 00:00 0 
7f4e95565000-7f4e95568000 ---p 00000000 00:00 0 
7f4e95568000-7f4e9566a000 rw-p 00000000 00:00 0 
7f4e9566a000-7f4e9566b000 rw-s ec060000 00:06 515                        /dev/nvidia0
7f4e9566b000-7f4e9566c000 rw-s 2f16a000 00:06 514                        /dev/nvidiactl
7f4e9566c000-7f4e9566d000 rw-s cfde9000 00:06 515                        /dev/nvidia0
7f4e9566d000-7f4e9566e000 rw-s cfde9000 00:06 515                        /dev/nvidia0
7f4e9566e000-7f4e9566f000 rw-s cfde9000 00:06 515                        /dev/nvidia0
7f4e9566f000-7f4e95670000 rw-s 32af58000 00:06 514                       /dev/nvidiactl
7f4e95670000-7f4e95671000 r--s 00036000 08:11 36696                      /media/syncophantic/Beta/Syncophantic/Coding/Eclipse/JOGL-Libs/jogl-all-natives-linux-amd64.jar
7f4e95671000-7f4e95673000 r--s 00000000 08:11 36617                      /media/syncophantic/Beta/Syncophantic/Coding/Eclipse/JOGL-Libs/gluegen-rt-natives-linux-amd64.jar
7f4e95673000-7f4e95674000 r--p 00000000 00:00 0 
7f4e95674000-7f4e95678000 r--s 00097000 08:02 5636352                    /usr/lib/jvm/java-8-oracle/jre/lib/jsse.jar
7f4e95678000-7f4e9567e000 r--s 0004f000 08:11 36603                      /media/syncophantic/Beta/Syncophantic/Coding/Eclipse/JOGL-Libs/gluegen-rt.jar
7f4e9567e000-7f4e95686000 rw-s 00000000 08:02 1109                       /tmp/hsperfdata_syncophantic/24828
7f4e95686000-7f4e95687000 rw-p 00000000 00:00 0 
7f4e95687000-7f4e95688000 r--p 00000000 00:00 0 
7f4e95688000-7f4e9568a000 rw-p 00000000 00:00 0 
7f4e9568a000-7f4e9568b000 r--p 00025000 08:02 4325381                    /lib/x86_64-linux-gnu/ld-2.23.so
7f4e9568b000-7f4e9568c000 rw-p 00026000 08:02 4325381                    /lib/x86_64-linux-gnu/ld-2.23.so
7f4e9568c000-7f4e9568d000 rw-p 00000000 00:00 0 
7ffdc1e3a000-7ffdc1e5b000 rw-p 00000000 00:00 0                          [stack]
7ffdc1f8f000-7ffdc1f91000 r--p 00000000 00:00 0                          [vvar]
7ffdc1f91000-7ffdc1f93000 r-xp 00000000 00:00 0                          [vdso]
ffffffffff600000-ffffffffff601000 r-xp 00000000 00:00 0                  [vsyscall]

VM Arguments:
jvm_args: -Dfile.encoding=UTF-8 
java_command: ProgramStart
java_class_path (initial): /media/syncophantic/Beta/Syncophantic/Coding/Eclipse/TestProject/bin:/media/syncophantic/Beta/Syncophantic/Coding/Eclipse/JOGL-Libs/bin:/media/syncophantic/Beta/Syncophantic/Coding/Eclipse/JOGL-Libs/gluegen-rt.jar:/media/syncophantic/Beta/Syncophantic/Coding/Eclipse/JOGL-Libs/jogl-all.jar
Launcher Type: SUN_STANDARD

Environment Variables:
JAVA_HOME=/usr/lib/jvm/java-8-oracle
PATH=/home/syncophantic/bin:/home/syncophantic/.local/bin:/usr/local/sbin:/usr/local/bin:/usr/sbin:/usr/bin:/sbin:/bin:/usr/games:/usr/local/games:/snap/bin:/usr/lib/jvm/java-8-oracle/bin:/usr/lib/jvm/java-8-oracle/db/bin:/usr/lib/jvm/java-8-oracle/jre/bin:/home/syncophantic/.rvm/bin
SHELL=/bin/bash
DISPLAY=:0

Signal Handlers:
SIGSEGV: [libjvm.so+0xac64b0], sa_mask[0]=11111111011111111101111111111110, sa_flags=SA_RESTART|SA_SIGINFO
SIGBUS: [libjvm.so+0xac64b0], sa_mask[0]=11111111011111111101111111111110, sa_flags=SA_RESTART|SA_SIGINFO
SIGFPE: [libjvm.so+0x91f950], sa_mask[0]=11111111011111111101111111111110, sa_flags=SA_RESTART|SA_SIGINFO
SIGPIPE: [libjvm.so+0x91f950], sa_mask[0]=11111111011111111101111111111110, sa_flags=SA_RESTART|SA_SIGINFO
SIGXFSZ: [libjvm.so+0x91f950], sa_mask[0]=11111111011111111101111111111110, sa_flags=SA_RESTART|SA_SIGINFO
SIGILL: [libjvm.so+0x91f950], sa_mask[0]=11111111011111111101111111111110, sa_flags=SA_RESTART|SA_SIGINFO
SIGUSR1: SIG_DFL, sa_mask[0]=00000000000000000000000000000000, sa_flags=none
SIGUSR2: [libjvm.so+0x920f80], sa_mask[0]=00100000000000000000000000000000, sa_flags=SA_RESTART|SA_SIGINFO
SIGHUP: [libjvm.so+0x922380], sa_mask[0]=11111111011111111101111111111110, sa_flags=SA_RESTART|SA_SIGINFO
SIGINT: [libjvm.so+0x922380], sa_mask[0]=11111111011111111101111111111110, sa_flags=SA_RESTART|SA_SIGINFO
SIGTERM: [libjvm.so+0x922380], sa_mask[0]=11111111011111111101111111111110, sa_flags=SA_RESTART|SA_SIGINFO
SIGQUIT: [libjvm.so+0x922380], sa_mask[0]=11111111011111111101111111111110, sa_flags=SA_RESTART|SA_SIGINFO


---------------  S Y S T E M  ---------------

OS:DISTRIB_ID=Ubuntu
DISTRIB_RELEASE=16.04
DISTRIB_CODENAME=xenial
DISTRIB_DESCRIPTION="Ubuntu 16.04.1 LTS"

uname:Linux 4.4.0-63-generic #84-Ubuntu SMP Wed Feb 1 17:20:32 UTC 2017 x86_64
libc:glibc 2.23 NPTL 2.23 
rlimit: STACK 8192k, CORE 0k, NPROC 63653, NOFILE 65536, AS infinity
load average:0.52 0.31 0.18

/proc/meminfo:
MemTotal:       16380444 kB
MemFree:         7357612 kB
MemAvailable:    9887404 kB
Buffers:          346148 kB
Cached:          2533944 kB
SwapCached:            0 kB
Active:          6973784 kB
Inactive:        1530180 kB
Active(anon):    5640300 kB
Inactive(anon):   139884 kB
Active(file):    1333484 kB
Inactive(file):  1390296 kB
Unevictable:         216 kB
Mlocked:             216 kB
SwapTotal:      16724988 kB
SwapFree:       16724988 kB
Dirty:              1604 kB
Writeback:             0 kB
AnonPages:       5624264 kB
Mapped:           890536 kB
Shmem:            156316 kB
Slab:             193312 kB
SReclaimable:     127796 kB
SUnreclaim:        65516 kB
KernelStack:       17888 kB
PageTables:        75880 kB
NFS_Unstable:          0 kB
Bounce:                0 kB
WritebackTmp:          0 kB
CommitLimit:    24915208 kB
Committed_AS:   13130296 kB
VmallocTotal:   34359738367 kB
VmallocUsed:           0 kB
VmallocChunk:          0 kB
HardwareCorrupted:     0 kB
AnonHugePages:   3467264 kB
CmaTotal:              0 kB
CmaFree:               0 kB
HugePages_Total:       0
HugePages_Free:        0
HugePages_Rsvd:        0
HugePages_Surp:        0
Hugepagesize:       2048 kB
DirectMap4k:      521796 kB
DirectMap2M:    10960896 kB
DirectMap1G:     5242880 kB


CPU:total 8 (4 cores per cpu, 2 threads per core) family 6 model 60 stepping 3, cmov, cx8, fxsr, mmx, sse, sse2, sse3, ssse3, sse4.1, sse4.2, popcnt, avx, avx2, aes, clmul, erms, lzcnt, ht, tsc, tscinvbit, bmi1, bmi2

/proc/cpuinfo:
processor	: 0
vendor_id	: GenuineIntel
cpu family	: 6
model		: 60
model name	: Intel(R) Core(TM) i7-4710HQ CPU @ 2.50GHz
stepping	: 3
microcode	: 0x1c
cpu MHz		: 3296.875
cache size	: 6144 KB
physical id	: 0
siblings	: 8
core id		: 0
cpu cores	: 4
apicid		: 0
initial apicid	: 0
fpu		: yes
fpu_exception	: yes
cpuid level	: 13
wp		: yes
flags		: fpu vme de pse tsc msr pae mce cx8 apic sep mtrr pge mca cmov pat pse36 clflush dts acpi mmx fxsr sse sse2 ss ht tm pbe syscall nx pdpe1gb rdtscp lm constant_tsc arch_perfmon pebs bts rep_good nopl xtopology nonstop_tsc aperfmperf eagerfpu pni pclmulqdq dtes64 monitor ds_cpl vmx est tm2 ssse3 sdbg fma cx16 xtpr pdcm pcid sse4_1 sse4_2 x2apic movbe popcnt tsc_deadline_timer aes xsave avx f16c rdrand lahf_lm abm epb tpr_shadow vnmi flexpriority ept vpid fsgsbase tsc_adjust bmi1 avx2 smep bmi2 erms invpcid xsaveopt dtherm ida arat pln pts
bugs		:
bogomips	: 4988.75
clflush size	: 64
cache_alignment	: 64
address sizes	: 39 bits physical, 48 bits virtual
power management:

processor	: 1
vendor_id	: GenuineIntel
cpu family	: 6
model		: 60
model name	: Intel(R) Core(TM) i7-4710HQ CPU @ 2.50GHz
stepping	: 3
microcode	: 0x1c
cpu MHz		: 3281.250
cache size	: 6144 KB
physical id	: 0
siblings	: 8
core id		: 1
cpu cores	: 4
apicid		: 2
initial apicid	: 2
fpu		: yes
fpu_exception	: yes
cpuid level	: 13
wp		: yes
flags		: fpu vme de pse tsc msr pae mce cx8 apic sep mtrr pge mca cmov pat pse36 clflush dts acpi mmx fxsr sse sse2 ss ht tm pbe syscall nx pdpe1gb rdtscp lm constant_tsc arch_perfmon pebs bts rep_good nopl xtopology nonstop_tsc aperfmperf eagerfpu pni pclmulqdq dtes64 monitor ds_cpl vmx est tm2 ssse3 sdbg fma cx16 xtpr pdcm pcid sse4_1 sse4_2 x2apic movbe popcnt tsc_deadline_timer aes xsave avx f16c rdrand lahf_lm abm epb tpr_shadow vnmi flexpriority ept vpid fsgsbase tsc_adjust bmi1 avx2 smep bmi2 erms invpcid xsaveopt dtherm ida arat pln pts
bugs		:
bogomips	: 4988.75
clflush size	: 64
cache_alignment	: 64
address sizes	: 39 bits physical, 48 bits virtual
power management:

processor	: 2
vendor_id	: GenuineIntel
cpu family	: 6
model		: 60
model name	: Intel(R) Core(TM) i7-4710HQ CPU @ 2.50GHz
stepping	: 3
microcode	: 0x1c
cpu MHz		: 3295.507
cache size	: 6144 KB
physical id	: 0
siblings	: 8
core id		: 2
cpu cores	: 4
apicid		: 4
initial apicid	: 4
fpu		: yes
fpu_exception	: yes
cpuid level	: 13
wp		: yes
flags		: fpu vme de pse tsc msr pae mce cx8 apic sep mtrr pge mca cmov pat pse36 clflush dts acpi mmx fxsr sse sse2 ss ht tm pbe syscall nx pdpe1gb rdtscp lm constant_tsc arch_perfmon pebs bts rep_good nopl xtopology nonstop_tsc aperfmperf eagerfpu pni pclmulqdq dtes64 monitor ds_cpl vmx est tm2 ssse3 sdbg fma cx16 xtpr pdcm pcid sse4_1 sse4_2 x2apic movbe popcnt tsc_deadline_timer aes xsave avx f16c rdrand lahf_lm abm epb tpr_shadow vnmi flexpriority ept vpid fsgsbase tsc_adjust bmi1 avx2 smep bmi2 erms invpcid xsaveopt dtherm ida arat pln pts
bugs		:
bogomips	: 4988.75
clflush size	: 64
cache_alignment	: 64
address sizes	: 39 bits physical, 48 bits virtual
power management:

processor	: 3
vendor_id	: GenuineIntel
cpu family	: 6
model		: 60
model name	: Intel(R) Core(TM) i7-4710HQ CPU @ 2.50GHz
stepping	: 3
microcode	: 0x1c
cpu MHz		: 3302.832
cache size	: 6144 KB
physical id	: 0
siblings	: 8
core id		: 3
cpu cores	: 4
apicid		: 6
initial apicid	: 6
fpu		: yes
fpu_exception	: yes
cpuid level	: 13
wp		: yes
flags		: fpu vme de pse tsc msr pae mce cx8 apic sep mtrr pge mca cmov pat pse36 clflush dts acpi mmx fxsr sse sse2 ss ht tm pbe syscall nx pdpe1gb rdtscp lm constant_tsc arch_perfmon pebs bts rep_good nopl xtopology nonstop_tsc aperfmperf eagerfpu pni pclmulqdq dtes64 monitor ds_cpl vmx est tm2 ssse3 sdbg fma cx16 xtpr pdcm pcid sse4_1 sse4_2 x2apic movbe popcnt tsc_deadline_timer aes xsave avx f16c rdrand lahf_lm abm epb tpr_shadow vnmi flexpriority ept vpid fsgsbase tsc_adjust bmi1 avx2 smep bmi2 erms invpcid xsaveopt dtherm ida arat pln pts
bugs		:
bogomips	: 4988.75
clflush size	: 64
cache_alignment	: 64
address sizes	: 39 bits physical, 48 bits virtual
power management:

processor	: 4
vendor_id	: GenuineIntel
cpu family	: 6
model		: 60
model name	: Intel(R) Core(TM) i7-4710HQ CPU @ 2.50GHz
stepping	: 3
microcode	: 0x1c
cpu MHz		: 3287.109
cache size	: 6144 KB
physical id	: 0
siblings	: 8
core id		: 0
cpu cores	: 4
apicid		: 1
initial apicid	: 1
fpu		: yes
fpu_exception	: yes
cpuid level	: 13
wp		: yes
flags		: fpu vme de pse tsc msr pae mce cx8 apic sep mtrr pge mca cmov pat pse36 clflush dts acpi mmx fxsr sse sse2 ss ht tm pbe syscall nx pdpe1gb rdtscp lm constant_tsc arch_perfmon pebs bts rep_good nopl xtopology nonstop_tsc aperfmperf eagerfpu pni pclmulqdq dtes64 monitor ds_cpl vmx est tm2 ssse3 sdbg fma cx16 xtpr pdcm pcid sse4_1 sse4_2 x2apic movbe popcnt tsc_deadline_timer aes xsave avx f16c rdrand lahf_lm abm epb tpr_shadow vnmi flexpriority ept vpid fsgsbase tsc_adjust bmi1 avx2 smep bmi2 erms invpcid xsaveopt dtherm ida arat pln pts
bugs		:
bogomips	: 4988.75
clflush size	: 64
cache_alignment	: 64
address sizes	: 39 bits physical, 48 bits virtual
power management:

processor	: 5
vendor_id	: GenuineIntel
cpu family	: 6
model		: 60
model name	: Intel(R) Core(TM) i7-4710HQ CPU @ 2.50GHz
stepping	: 3
microcode	: 0x1c
cpu MHz		: 3292.382
cache size	: 6144 KB
physical id	: 0
siblings	: 8
core id		: 1
cpu cores	: 4
apicid		: 3
initial apicid	: 3
fpu		: yes
fpu_exception	: yes
cpuid level	: 13
wp		: yes
flags		: fpu vme de pse tsc msr pae mce cx8 apic sep mtrr pge mca cmov pat pse36 clflush dts acpi mmx fxsr sse sse2 ss ht tm pbe syscall nx pdpe1gb rdtscp lm constant_tsc arch_perfmon pebs bts rep_good nopl xtopology nonstop_tsc aperfmperf eagerfpu pni pclmulqdq dtes64 monitor ds_cpl vmx est tm2 ssse3 sdbg fma cx16 xtpr pdcm pcid sse4_1 sse4_2 x2apic movbe popcnt tsc_deadline_timer aes xsave avx f16c rdrand lahf_lm abm epb tpr_shadow vnmi flexpriority ept vpid fsgsbase tsc_adjust bmi1 avx2 smep bmi2 erms invpcid xsaveopt dtherm ida arat pln pts
bugs		:
bogomips	: 4988.75
clflush size	: 64
cache_alignment	: 64
address sizes	: 39 bits physical, 48 bits virtual
power management:

processor	: 6
vendor_id	: GenuineIntel
cpu family	: 6
model		: 60
model name	: Intel(R) Core(TM) i7-4710HQ CPU @ 2.50GHz
stepping	: 3
microcode	: 0x1c
cpu MHz		: 3298.828
cache size	: 6144 KB
physical id	: 0
siblings	: 8
core id		: 2
cpu cores	: 4
apicid		: 5
initial apicid	: 5
fpu		: yes
fpu_exception	: yes
cpuid level	: 13
wp		: yes
flags		: fpu vme de pse tsc msr pae mce cx8 apic sep mtrr pge mca cmov pat pse36 clflush dts acpi mmx fxsr sse sse2 ss ht tm pbe syscall nx pdpe1gb rdtscp lm constant_tsc arch_perfmon pebs bts rep_good nopl xtopology nonstop_tsc aperfmperf eagerfpu pni pclmulqdq dtes64 monitor ds_cpl vmx est tm2 ssse3 sdbg fma cx16 xtpr pdcm pcid sse4_1 sse4_2 x2apic movbe popcnt tsc_deadline_timer aes xsave avx f16c rdrand lahf_lm abm epb tpr_shadow vnmi flexpriority ept vpid fsgsbase tsc_adjust bmi1 avx2 smep bmi2 erms invpcid xsaveopt dtherm ida arat pln pts
bugs		:
bogomips	: 4988.75
clflush size	: 64
cache_alignment	: 64
address sizes	: 39 bits physical, 48 bits virtual
power management:

processor	: 7
vendor_id	: GenuineIntel
cpu family	: 6
model		: 60
model name	: Intel(R) Core(TM) i7-4710HQ CPU @ 2.50GHz
stepping	: 3
microcode	: 0x1c
cpu MHz		: 3294.238
cache size	: 6144 KB
physical id	: 0
siblings	: 8
core id		: 3
cpu cores	: 4
apicid		: 7
initial apicid	: 7
fpu		: yes
fpu_exception	: yes
cpuid level	: 13
wp		: yes
flags		: fpu vme de pse tsc msr pae mce cx8 apic sep mtrr pge mca cmov pat pse36 clflush dts acpi mmx fxsr sse sse2 ss ht tm pbe syscall nx pdpe1gb rdtscp lm constant_tsc arch_perfmon pebs bts rep_good nopl xtopology nonstop_tsc aperfmperf eagerfpu pni pclmulqdq dtes64 monitor ds_cpl vmx est tm2 ssse3 sdbg fma cx16 xtpr pdcm pcid sse4_1 sse4_2 x2apic movbe popcnt tsc_deadline_timer aes xsave avx f16c rdrand lahf_lm abm epb tpr_shadow vnmi flexpriority ept vpid fsgsbase tsc_adjust bmi1 avx2 smep bmi2 erms invpcid xsaveopt dtherm ida arat pln pts
bugs		:
bogomips	: 4988.75
clflush size	: 64
cache_alignment	: 64
address sizes	: 39 bits physical, 48 bits virtual
power management:



Memory: 4k page, physical 16380444k(7357612k free), swap 16724988k(16724988k free)

vm_info: Java HotSpot(TM) 64-Bit Server VM (25.111-b14) for linux-amd64 JRE (1.8.0_111-b14), built on Sep 22 2016 16:14:03 by "java_re" with gcc 4.3.0 20080428 (Red Hat 4.3.0-8)

time: Mon Feb 20 18:40:14 2017
elapsed time: 0 seconds (0d 0h 0m 0s)

